omegalib data search paths:
::: /home/adam/Desktop/s2plot/example
::: /home/adam/Desktop/omegalib/source
omegalib application config lookup:
::: trying s2plotApp/s2plotApp.cfg
::: not found, trying s2plotApp.cfg
::: not found, trying default.cfg
::: found config: default.cfg
>>>>>>>>>>>>>>>>>>>>>>>>>>>>>>>>>>>>>>>>>>>>>>>>>>>>>>>>>>>>>>>>>>>>>>>>>>>>>>>> OMEGALIB BOOT
Opened config file: default.cfg
SystemManager::setup: systemConfig = system/desktop.cfg
Opened config file: system/desktop.cfg
SystemManager::setupDisplaySystem: type = Equalizer
Bezel size: 0 0
canvas pixel size: 854 480
SharedDataServices::registerObject: queuing interp for registration
!!! WARNING: could not find a local omegalib python installation. 
Omegalib will attempt to use the system python interpreter (if available)
PythonInterpreter::addPythonPath: ./
PythonInterpreter::addPythonPath: /home/adam/Desktop/s2plot/example/
PythonInterpreter::addPythonPath: /home/adam/Desktop/omegalib/source/modules
PythonInterpreter: starting interactive shell thread.
Python Interpreter initialized.
ModuleServices::addModule: s2plotModule
